<?xml version="1.0" encoding="UTF-8"?>
<!-- Generated by org.testng.reporters.JUnitReportReporter -->
<testsuite hostname="Phan-Nhut" failures="0" tests="2" name="BCNKhoa.Testcase.F_11_2" time="23.431" errors="0" timestamp="2025-10-18T12:43:39 ICT" skipped="0">
  <testcase classname="BCNKhoa.Testcase.F_11_2" name="TC16" time="6.992"/>
  <testcase classname="BCNKhoa.Testcase.F_11_2" name="TC04" time="16.439"/>
</testsuite> <!-- BCNKhoa.Testcase.F_11_2 -->
