<?xml version="1.0" encoding="UTF-8"?>
<!-- Generated by org.testng.reporters.JUnitReportReporter -->
<testsuite hostname="Phan-Nhut" failures="0" tests="8" name="BCNKhoa.Testcase.TTCN_TC" time="67.354" errors="0" timestamp="2025-10-24T00:25:24 ICT" skipped="0">
  <testcase classname="BCNKhoa.Testcase.TTCN_TC" name="testNhapMaGV" time="4.416"/>
  <testcase classname="BCNKhoa.Testcase.TTCN_TC" name="testNhapSDT" time="7.998"/>
  <testcase classname="BCNKhoa.Testcase.TTCN_TC" name="ChonGioiTinhNu_TC" time="5.394"/>
  <testcase classname="BCNKhoa.Testcase.TTCN_TC" name="ChonGioiTinhNam_TC" time="9.017"/>
  <testcase classname="BCNKhoa.Testcase.TTCN_TC" name="ChonNganh_TC" time="8.978"/>
  <testcase classname="BCNKhoa.Testcase.TTCN_TC" name="FullTT_TC" time="9.204"/>
  <testcase classname="BCNKhoa.Testcase.TTCN_TC" name="ErrorTT_TC" time="13.153"/>
  <testcase classname="BCNKhoa.Testcase.TTCN_TC" name="LostTT_TC" time="9.194"/>
</testsuite> <!-- BCNKhoa.Testcase.TTCN_TC -->
