<?xml version="1.0" encoding="UTF-8"?>
<!-- Generated by org.testng.reporters.JUnitReportReporter -->
<testsuite hostname="Phan-Nhut" failures="0" tests="2" name="BCNKhoa.Testcase.F_11_1" time="21.953" errors="0" timestamp="2025-10-23T21:33:49 ICT" skipped="0">
  <testcase classname="BCNKhoa.Testcase.F_11_1" name="loginTest01_02" time="20.579"/>
  <testcase classname="BCNKhoa.Testcase.F_11_1" name="logintest03" time="1.374"/>
</testsuite> <!-- BCNKhoa.Testcase.F_11_1 -->
