<?xml version="1.0" encoding="UTF-8"?>
<!-- Generated by org.testng.reporters.JUnitReportReporter -->
<testsuite hostname="Phan-Nhut" failures="0" tests="1" name="Admin.Testcases.TESTLOGIN" time="18.300" errors="0" timestamp="2025-10-16T08:39:16 ICT" skipped="0">
  <testcase classname="Admin.Testcases.TESTLOGIN" name="loginTest" time="18.300"/>
</testsuite> <!-- Admin.Testcases.TESTLOGIN -->
