<?xml version="1.0" encoding="UTF-8"?>
<!-- Generated by org.testng.reporters.JUnitReportReporter -->
<testsuite hostname="Phan-Nhut" failures="0" tests="2" name="Admin.Testcases.F_11_2" time="29.201" errors="0" timestamp="2025-10-16T14:06:22 ICT" skipped="0">
  <testcase classname="Admin.Testcases.F_11_2" name="TC04" time="17.840"/>
  <testcase classname="Admin.Testcases.F_11_2" name="TC07" time="11.361"/>
</testsuite> <!-- Admin.Testcases.F_11_2 -->
