<?xml version="1.0" encoding="UTF-8"?>
<!-- Generated by org.testng.reporters.JUnitReportReporter -->
<testsuite hostname="Phan-Nhut" failures="0" tests="2" name="Admin.Testcases.F_11_1" time="17.881" errors="0" timestamp="2025-10-16T09:26:49 ICT" skipped="0">
  <testcase classname="Admin.Testcases.F_11_1" name="logintest03" time="1.330"/>
  <testcase classname="Admin.Testcases.F_11_1" name="loginTest01_02" time="16.551"/>
</testsuite> <!-- Admin.Testcases.F_11_1 -->
