<?xml version="1.0" encoding="UTF-8"?>
<!-- Generated by org.testng.reporters.JUnitReportReporter -->
<testsuite hostname="Phan-Nhut" failures="0" tests="2" name="BCNKhoa.Testcase.F_11_2_MaGV" time="22.281" errors="0" timestamp="2025-10-22T13:10:03 ICT" skipped="0">
  <testcase classname="BCNKhoa.Testcase.F_11_2_MaGV" name="TC05" time="1.103"/>
  <testcase classname="BCNKhoa.Testcase.F_11_2_MaGV" name="TC04" time="21.178"/>
</testsuite> <!-- BCNKhoa.Testcase.F_11_2_MaGV -->
